<?xml version="1.0" encoding="utf-8"?>
<TestRun id="49248b10-618a-4007-b91e-6729990af625" name="psher@PAUL-LENOVO-01 2023-03-21 10:55:51" runUser="PAUL-LENOVO-01\psher" xmlns="http://microsoft.com/schemas/VisualStudio/TeamTest/2010">
  <Times creation="2023-03-21T10:55:51.3318080-05:00" queuing="2023-03-21T10:55:51.3318080-05:00" start="2023-03-21T10:55:50.5332536-05:00" finish="2023-03-21T10:55:51.3327913-05:00" />
  <TestSettings name="default" id="d6da5ba0-b0b0-4bbd-bcde-51f6a99e4ada">
    <Deployment runDeploymentRoot="psher_PAUL-LENOVO-01_2023-03-21_10_55_51" />
  </TestSettings>
  <Results>
    <UnitTestResult executionId="e4a868fe-a166-4eee-a769-20996a8711e7" testId="c7df94d1-ff87-c752-eede-61ad543892bd" testName="FileNameDoesExistUsingDynamicData (FileDynamic.txt)" computerName="PAUL-LENOVO-01" duration="00:00:00.0064335" startTime="2023-03-21T10:55:51.1879004-05:00" endTime="2023-03-21T10:55:51.2480376-05:00" testType="13cdc9d9-ddb5-4fa4-a97d-d965ccfc6d4b" outcome="Passed" testListId="8c84fa94-04c1-424b-9868-57a2d4851a1d" relativeResultsDirectory="e4a868fe-a166-4eee-a769-20996a8711e7">
      <Output>
        <StdOut>TestContext Messages:
In MyClassesTest.AssemblyInitCleanup.AssemblyInitialize() method&#xD;
In FileProcessTest.ClassInitialize() method&#xD;
In FileProcessTest.TestInitialize() method&#xD;
Test Purpose: Check to see if a file exists using the [DynamicData] attribute.&#xD;
Test Owner: PaulS&#xD;
Checking for file: 'FileDynamic.txt'&#xD;
       in folder 'D:\Samples\MyClasses\MyClassesTest\bin\Debug\net6.0'</StdOut>
      </Output>
    </UnitTestResult>
    <UnitTestResult executionId="a5ef2022-7431-4c39-9de1-adb787440a58" testId="4578ec5d-5943-35ba-e6fd-ba22af3da703" testName="FileNameDoesExistUsingDynamicData (FileDynamic2.txt)" computerName="PAUL-LENOVO-01" duration="00:00:00.0001417" startTime="2023-03-21T10:55:51.2570768-05:00" endTime="2023-03-21T10:55:51.2577143-05:00" testType="13cdc9d9-ddb5-4fa4-a97d-d965ccfc6d4b" outcome="Passed" testListId="8c84fa94-04c1-424b-9868-57a2d4851a1d" relativeResultsDirectory="a5ef2022-7431-4c39-9de1-adb787440a58">
      <Output>
        <StdOut>TestContext Messages:
In FileProcessTest.TestInitialize() method&#xD;
Test Purpose: Check to see if a file exists using the [DynamicData] attribute.&#xD;
Test Owner: PaulS&#xD;
Checking for file: 'FileDynamic2.txt'&#xD;
       in folder 'D:\Samples\MyClasses\MyClassesTest\bin\Debug\net6.0'</StdOut>
      </Output>
    </UnitTestResult>
  </Results>
  <TestDefinitions>
    <UnitTest name="FileNameDoesExistUsingDynamicData (FileDynamic.txt)" storage="d:\samples\myclasses\myclassestest\bin\debug\net6.0\myclassestest.dll" priority="3" id="c7df94d1-ff87-c752-eede-61ad543892bd">
      <Owners>
        <Owner name="PaulS" />
      </Owners>
      <TestCategory>
        <TestCategoryItem TestCategory="NoException" />
      </TestCategory>
      <Execution id="e4a868fe-a166-4eee-a769-20996a8711e7" />
      <TestMethod codeBase="D:\Samples\MyClasses\MyClassesTest\bin\Debug\net6.0\MyClassesTest.dll" adapterTypeName="executor://mstestadapter/v2" className="MyClassesTest.FileProcessTest" name="FileNameDoesExistUsingDynamicData" />
    </UnitTest>
    <UnitTest name="FileNameDoesExistUsingDynamicData (FileDynamic2.txt)" storage="d:\samples\myclasses\myclassestest\bin\debug\net6.0\myclassestest.dll" priority="3" id="4578ec5d-5943-35ba-e6fd-ba22af3da703">
      <Owners>
        <Owner name="PaulS" />
      </Owners>
      <TestCategory>
        <TestCategoryItem TestCategory="NoException" />
      </TestCategory>
      <Execution id="a5ef2022-7431-4c39-9de1-adb787440a58" />
      <TestMethod codeBase="D:\Samples\MyClasses\MyClassesTest\bin\Debug\net6.0\MyClassesTest.dll" adapterTypeName="executor://mstestadapter/v2" className="MyClassesTest.FileProcessTest" name="FileNameDoesExistUsingDynamicData" />
    </UnitTest>
  </TestDefinitions>
  <TestEntries>
    <TestEntry testId="c7df94d1-ff87-c752-eede-61ad543892bd" executionId="e4a868fe-a166-4eee-a769-20996a8711e7" testListId="8c84fa94-04c1-424b-9868-57a2d4851a1d" />
    <TestEntry testId="4578ec5d-5943-35ba-e6fd-ba22af3da703" executionId="a5ef2022-7431-4c39-9de1-adb787440a58" testListId="8c84fa94-04c1-424b-9868-57a2d4851a1d" />
  </TestEntries>
  <TestLists>
    <TestList name="Results Not in a List" id="8c84fa94-04c1-424b-9868-57a2d4851a1d" />
    <TestList name="All Loaded Results" id="19431567-8539-422a-85d7-44ee4e166bda" />
  </TestLists>
  <ResultSummary outcome="Completed">
    <Counters total="2" executed="2" passed="2" failed="0" error="0" timeout="0" aborted="0" inconclusive="0" passedButRunAborted="0" notRunnable="0" notExecuted="0" disconnected="0" warning="0" completed="0" inProgress="0" pending="0" />
    <RunInfos>
      <RunInfo computerName="PAUL-LENOVO-01" outcome="Warning" timestamp="2023-03-21T10:55:51.1488339-05:00">
        <Text>Test Run deployment issue: Failed to copy file 'D:\Samples\MyClasses\MyClassesTest\bin\Debug\net6.0\FileDynamic.txt' to 'D:\Samples\MyClasses\MyClassesTest\bin\Debug\net6.0\FileDynamic.txt': System.IO.IOException: The process cannot access the file 'D:\Samples\MyClasses\MyClassesTest\bin\Debug\net6.0\FileDynamic.txt' because it is being used by another process.</Text>
      </RunInfo>
      <RunInfo computerName="PAUL-LENOVO-01" outcome="Warning" timestamp="2023-03-21T10:55:51.1488339-05:00">
        <Text>Test Run deployment issue: Failed to copy file 'D:\Samples\MyClasses\MyClassesTest\bin\Debug\net6.0\FileDynamic2.txt' to 'D:\Samples\MyClasses\MyClassesTest\bin\Debug\net6.0\FileDynamic2.txt': System.IO.IOException: The process cannot access the file 'D:\Samples\MyClasses\MyClassesTest\bin\Debug\net6.0\FileDynamic2.txt' because it is being used by another process.</Text>
      </RunInfo>
    </RunInfos>
  </ResultSummary>
</TestRun>